Steam Console Client (c) Valve Corporation - version 1782532820
-- type 'quit' to exit --
Loading Steam API...OK
force_install_dir "E:/lpk-studio-storage/workshop_cache"

Connecting anonymously to Steam Public...OK
Waiting for client config...OK
Waiting for user info...OK
workshop_download_item 616720 3008546374
Downloading item 3008546374 ...
Success. Downloaded item 3008546374 to "e:\lpk-studio-storage\workshop_cache\steamapps\workshop\content\616720\3008546374" (3482595 bytes) workshop_download_item 616720 3008533876
Downloading item 3008533876 ...
Success. Downloaded item 3008533876 to "e:\lpk-studio-storage\workshop_cache\steamapps\workshop\content\616720\3008533876" (3752310 bytes) workshop_download_item 616720 3008508583
Downloading item 3008508583 ...
Success. Downloaded item 3008508583 to "e:\lpk-studio-storage\workshop_cache\steamapps\workshop\content\616720\3008508583" (8827122 bytes) workshop_download_item 616720 3008215903
Downloading item 3008215903 ...
Success. Downloaded item 3008215903 to "e:\lpk-studio-storage\workshop_cache\steamapps\workshop\content\616720\3008215903" (27972279 bytes) workshop_download_item 616720 3008205500
Downloading item 3008205500 ...
Success. Downloaded item 3008205500 to "e:\lpk-studio-storage\workshop_cache\steamapps\workshop\content\616720\3008205500" (3617447 bytes) workshop_download_item 616720 3008100346
Downloading item 3008100346 ...
Success. Downloaded item 3008100346 to "e:\lpk-studio-storage\workshop_cache\steamapps\workshop\content\616720\3008100346" (17668377 bytes) workshop_download_item 616720 3007712473
Downloading item 3007712473 ...
Success. Downloaded item 3007712473 to "e:\lpk-studio-storage\workshop_cache\steamapps\workshop\content\616720\3007712473" (6211206 bytes) workshop_download_item 616720 3007675059
Downloading item 3007675059 ...
Success. Downloaded item 3007675059 to "e:\lpk-studio-storage\workshop_cache\steamapps\workshop\content\616720\3007675059" (8997926 bytes) workshop_download_item 616720 3007620401
Downloading item 3007620401 ...
Success. Downloaded item 3007620401 to "e:\lpk-studio-storage\workshop_cache\steamapps\workshop\content\616720\3007620401" (16320002 bytes) workshop_download_item 616720 3007553661
Downloading item 3007553661 ...
Success. Downloaded item 3007553661 to "e:\lpk-studio-storage\workshop_cache\steamapps\workshop\content\616720\3007553661" (3561279 bytes) workshop_download_item 616720 3007553009
Downloading item 3007553009 ...
Success. Downloaded item 3007553009 to "e:\lpk-studio-storage\workshop_cache\steamapps\workshop\content\616720\3007553009" (13801311 bytes) quit
Unloading Steam API...OK
Redirecting stderr to 'C:\Users\h4rdc\Documents\Github\coding-agent\VRMs\steam-lpk-packager\steamcmd\logs\stderr.txt'
Logging directory: 'C:\Users\h4rdc\Documents\Github\coding-agent\VRMs\steam-lpk-packager\steamcmd/logs'
[  0%] Checking for available updates...
[----] Verifying installation...
